生成启动时间为 2014/4/13 星期日 18:15:17。
     1>项目“D:\Codes\Bayes\test6\BayesNetAplication\BayesNetAplication.vcxproj”在节点 2 上(build 个目标)。
     1>InitializeBuildStatus:
         正在对“Debug\BayesNetAplication.unsuccessfulbuild”执行 Touch 任务。
       ClCompile:
         d:\Program Files (x86)\Microsoft Visual Studio 10.0\VC\bin\CL.exe /c /ZI /nologo /W3 /WX- /Od /Oy- /D WIN32 /D _DEBUG /D _CONSOLE /D DLL_EXPORT /D _MBCS /Gm /EHsc /RTC1 /MTd /GS /fp:precise /Zc:wchar_t /Zc:forScope /Fo"Debug\\" /Fd"Debug\vc100.pdb" /Gd /TP /analyze- /errorReport:prompt inf_learn_bnet.cpp
         inf_learn_bnet.cpp
     1>d:\codes\bayes\test6\pnl\include\pnlstring.hpp(201): warning C4996: 'sprintf': This function or variable may be unsafe. Consider using sprintf_s instead. To disable deprecation, use _CRT_SECURE_NO_WARNINGS. See online help for details.
                 d:\program files (x86)\microsoft visual studio 10.0\vc\include\stdio.h(371) : 参见“sprintf”的声明
     1>d:\codes\bayes\test6\pnl\include\pnlmatrix.hpp(178): error C2491: “pnl::CMatrix<Type>::~CMatrix”: 不允许 dllimport 函数 的定义
     1>d:\codes\bayes\test6\pnl\include\pnlmatrix.hpp(184): error C2491: “pnl::CMatrix<Type>::GetMatrixClass”: 不允许 dllimport 函数 的定义
     1>d:\codes\bayes\test6\pnl\include\pnlmatrix.hpp(203): error C2491: “pnl::CMatrix<Type>::CMatrix”: 不允许 dllimport 函数 的定义
     1>d:\codes\bayes\test6\pnl\include\pnlmatrix.hpp(212): error C2491: “pnl::CMatrix<Type>::MultiplyInSelf”: 不允许 dllimport 函数 的定义
     1>d:\codes\bayes\test6\pnl\include\pnlmatrix.hpp(219): error C2491: “pnl::CMatrix<Type>::DivideInSelf”: 不允许 dllimport 函数 的定义
     1>d:\codes\bayes\test6\pnl\include\pnlmatrix.hpp(225): error C2491: “pnl::CMatrix<Type>::GetIndicesOfMaxValue”: 不允许 dllimport 函数 的定义
     1>d:\codes\bayes\test6\pnl\include\pnlmatrix.hpp(232): error C2491: “pnl::CMatrix<Type>::NormalizeAll”: 不允许 dllimport 函数 的定义
     1>d:\codes\bayes\test6\pnl\include\pnlmatrix.hpp(238): error C2491: “pnl::CMatrix<Type>::Normalize”: 不允许 dllimport 函数 的定义
     1>d:\codes\bayes\test6\pnl\include\pnlmatrix.hpp(246): error C2491: “pnl::CMatrix<Type>::SumAll”: 不允许 dllimport 函数 的定义
     1>d:\codes\bayes\test6\pnl\include\pnlmatrix.hpp(254): error C2491: “pnl::CMatrix<Type>::SumInSelf”: 不允许 dllimport 函数 的定义
     1>d:\codes\bayes\test6\pnl\include\pnlmatrix.hpp(261): error C2491: “pnl::CMatrix<Type>::CMatrix”: 不允许 dllimport 函数 的定义
     1>d:\codes\bayes\test6\pnl\include\pnlsparsematrix.hpp(239): warning C4812: 过时的声明样式: 请改用“pnl::CSparseMatrix<Type>::~CSparseMatrix”
     1>d:\codes\bayes\test6\pnl\include\pnli2dnumericdensematrix.hpp(135): error C2491: “pnl::iC2DNumericDenseMatrix<Type>::Create”: 不允许 dllimport 函数 的定义
     1>d:\codes\bayes\test6\pnl\include\pnli2dnumericdensematrix.hpp(149): error C2491: “pnl::iC2DNumericDenseMatrix<Type>::CreateEmptyMatrix”: 不允许 dllimport 函数 的定义
     1>d:\codes\bayes\test6\pnl\include\pnli2dnumericdensematrix.hpp(160): error C2491: “pnl::iC2DNumericDenseMatrix<Type>::CreateIdentityMatrix”: 不允许 dllimport 函数 的定义
     1>d:\codes\bayes\test6\pnl\include\pnli2dnumericdensematrix.hpp(171): error C2491: “pnl::iC2DNumericDenseMatrix<Type>::Copy”: 不允许 dllimport 函数 的定义
     1>d:\codes\bayes\test6\pnl\include\pnli2dnumericdensematrix.hpp(179): error C2491: “pnl::iC2DNumericDenseMatrix<Type>::Clone”: 不允许 dllimport 函数 的定义
     1>d:\codes\bayes\test6\pnl\include\pnli2dnumericdensematrix.hpp(185): error C2491: “pnl::iC2DNumericDenseMatrix<Type>::ConvertToDense”: 不允许 dllimport 函数 的定义
     1>d:\codes\bayes\test6\pnl\include\pnli2dnumericdensematrix.hpp(223): error C2491: “pnl::iC2DNumericDenseMatrix<Type>::ConvertToSparse”: 不允许 dllimport 函数 的定义
     1>d:\codes\bayes\test6\pnl\include\pnli2dnumericdensematrix.hpp(229): error C2491: “pnl::iC2DNumericDenseMatrix<Type>::GetMatrixClass”: 不允许 dllimport 函数 的定义
     1>d:\codes\bayes\test6\pnl\include\pnli2dnumericdensematrix.hpp(340): error C2491: “pnl::iC2DNumericDenseMatrix<Type>::IsSymmetric”: 不允许 dllimport 函数 的定义
     1>d:\codes\bayes\test6\pnl\include\pnli2dnumericdensematrix.hpp(390): error C2491: “pnl::iC2DNumericDenseMatrix<Type>::IsIllConditioned”: 不允许 dllimport 函数 的定义
     1>d:\codes\bayes\test6\pnl\include\pnli2dnumericdensematrix.hpp(421): error C2491: “pnl::iC2DNumericDenseMatrix<Type>::Determinant”: 不允许 dllimport 函数 的定义
     1>d:\codes\bayes\test6\pnl\include\pnli2dnumericdensematrix.hpp(513): error C2491: “pnl::iC2DNumericDenseMatrix<Type>::Inverse”: 不允许 dllimport 函数 的定义
     1>d:\codes\bayes\test6\pnl\include\pnli2dnumericdensematrix.hpp(539): error C2491: “pnl::iC2DNumericDenseMatrix<Type>::Transpose”: 不允许 dllimport 函数 的定义
     1>d:\codes\bayes\test6\pnl\include\pnli2dnumericdensematrix.hpp(751): error C2491: “pnl::iC2DNumericDenseMatrix<Type>::GetBlocks”: 不允许 dllimport 函数 的定义
     1>d:\codes\bayes\test6\pnl\include\pnli2dnumericdensematrix.hpp(846): error C2491: “pnl::iC2DNumericDenseMatrix<Type>::GetLinearBlocks”: 不允许 dllimport 函数 的定义
     1>d:\codes\bayes\test6\pnl\include\pnli2dnumericdensematrix.hpp(856): error C2491: “pnl::iC2DNumericDenseMatrix<Type>::icvSVBkSb”: 不允许 dllimport 函数 的定义
     1>d:\codes\bayes\test6\pnl\include\pnli2dnumericdensematrix.hpp(885): error C2491: “pnl::iC2DNumericDenseMatrix<Type>::icvSVD”: 不允许 dllimport 函数 的定义
     1>d:\codes\bayes\test6\pnl\include\pnli2dnumericdensematrix.hpp(894): error C2491: “pnl::iC2DNumericDenseMatrix<Type>::iC2DNumericDenseMatrix”: 不允许 dllimport 函数 的定义
     1>d:\codes\bayes\test6\pnl\include\pnli2dnumericdensematrix.hpp(901): error C2491: “pnl::iC2DNumericDenseMatrix<Type>::iC2DNumericDenseMatrix”: 不允许 dllimport 函数 的定义
     1>d:\codes\bayes\test6\pnl\include\pnli2dnumericdensematrix.hpp(921): error C2491: “pnl::iC2DNumericDenseMatrix<Type>::Trace”: 不允许 dllimport 函数 的定义
     1>已完成生成项目“D:\Codes\Bayes\test6\BayesNetAplication\BayesNetAplication.vcxproj”(build 个目标)的操作 - 失败。

生成失败。

已用时间 00:00:01.26
